<?xml version="1.0" encoding="UTF-8"?>
<!-- Generated by org.testng.reporters.JUnitReportReporter -->
<testsuite skipped="0" hostname="DESKTOP-8N8BD9R" name="selenium.automation.web.AllWindowHandles" tests="1" failures="0" timestamp="2020-04-05T20:56:50 IST" time="4.267" errors="0">
  <testcase name="windowhandles" time="4.267" classname="selenium.automation.web.AllWindowHandles"/>
  <system-out/>
</testsuite> <!-- selenium.automation.web.AllWindowHandles -->
