<?xml version="1.0" encoding="UTF-8"?>
<!-- Generated by org.testng.reporters.JUnitReportReporter -->
<testsuite skipped="0" hostname="DESKTOP-8N8BD9R" name="selenium.automation.web.Dynamic_dropdown" tests="1" failures="0" timestamp="2020-04-27T21:14:58 IST" time="13.048" errors="0">
  <testcase name="dynamic_dropdown" time="13.048" classname="selenium.automation.web.Dynamic_dropdown"/>
  <system-out/>
</testsuite> <!-- selenium.automation.web.Dynamic_dropdown -->
