<?xml version="1.0" encoding="UTF-8"?>
<!-- Generated by org.testng.reporters.JUnitReportReporter -->
<testsuite skipped="0" hostname="DESKTOP-8N8BD9R" name="selenium.automation.web.Table_exercise" tests="1" failures="0" timestamp="2020-04-27T21:10:08 IST" time="0.184" errors="0">
  <testcase name="table" time="0.184" classname="selenium.automation.web.Table_exercise"/>
  <system-out/>
</testsuite> <!-- selenium.automation.web.Table_exercise -->
