<?xml version="1.0" encoding="UTF-8"?>
<!-- Generated by org.testng.reporters.JUnitReportReporter -->
<testsuite skipped="0" hostname="DESKTOP-8N8BD9R" name="selenium.automation.web.Frames_handling" tests="1" failures="0" timestamp="2020-04-14T15:50:19 IST" time="0.360" errors="0">
  <testcase name="drag_drop" time="0.360" classname="selenium.automation.web.Frames_handling"/>
  <system-out/>
</testsuite> <!-- selenium.automation.web.Frames_handling -->
