<?xml version="1.0" encoding="UTF-8"?>
<!-- Generated by org.testng.reporters.JUnitReportReporter -->
<testsuite skipped="0" hostname="DESKTOP-8N8BD9R" name="selenium.automation.web.Frames_handling" tests="1" failures="0" timestamp="2020-05-15T18:17:00 IST" time="0.355" errors="0">
  <testcase name="drag_drop" time="0.355" classname="selenium.automation.web.Frames_handling"/>
  <system-out/>
</testsuite> <!-- selenium.automation.web.Frames_handling -->
