<?xml version="1.0" encoding="UTF-8"?>
<!-- Generated by org.testng.reporters.JUnitReportReporter -->
<testsuite skipped="0" hostname="DESKTOP-8N8BD9R" name="selenium.automation.web.Mouse_interactions" tests="1" failures="0" timestamp="2020-04-14T16:20:16 IST" time="3.190" errors="0">
  <testcase name="mouse_hover" time="3.190" classname="selenium.automation.web.Mouse_interactions"/>
  <system-out/>
</testsuite> <!-- selenium.automation.web.Mouse_interactions -->
